<?xml version="1.0" encoding="UTF-8"?>
<!-- Generated by org.testng.reporters.JUnitReportReporter -->
<testsuite hostname="Kirti3146839" failures="0" tests="3" name="secondPackage.HomeTest" time="44.509" errors="0" timestamp="2022-07-11T21:46:08 IST" skipped="0">
  <testcase classname="secondPackage.HomeTest" name="basePageNavigation" time="18.777"/>
  <system-out/>
  <testcase classname="secondPackage.HomeTest" name="print" time="19.805"/>
  <system-out/>
  <testcase classname="secondPackage.HomeTest" name="basePageNavigation" time="5.927"/>
  <system-out/>
</testsuite> <!-- secondPackage.HomeTest -->
