<?xml version="1.0" encoding="UTF-8"?>
<!-- Generated by org.testng.reporters.JUnitReportReporter -->
<testsuite hostname="Kirti3146839" failures="0" tests="3" name="firstPackage.HomeTest" time="45.484" errors="0" timestamp="2022-06-22T21:30:19 IST" skipped="0">
  <testcase classname="firstPackage.HomeTest" name="basePageNavigation" time="9.676"/>
  <system-out/>
  <testcase classname="firstPackage.HomeTest" name="basePageNavigation" time="12.306"/>
  <system-out/>
  <testcase classname="firstPackage.HomeTest" name="print" time="23.502"/>
  <system-out/>
</testsuite> <!-- firstPackage.HomeTest -->
