<?xml version="1.0" encoding="UTF-8"?>
<!-- Generated by org.testng.reporters.JUnitReportReporter -->
<testsuite skipped="0" hostname="Kirti3146839" name="secondPackage.HomeTest" tests="3" failures="0" timestamp="2022-07-11T21:39:11 IST" time="47.139" errors="0">
  <testcase name="basePageNavigation" time="8.175" classname="secondPackage.HomeTest"/>
  <system-out/>
  <testcase name="print" time="21.268" classname="secondPackage.HomeTest"/>
  <system-out/>
  <testcase name="basePageNavigation" time="17.696" classname="secondPackage.HomeTest"/>
  <system-out/>
</testsuite> <!-- secondPackage.HomeTest -->
