<?xml version="1.0" encoding="UTF-8"?>
<!-- Generated by org.testng.reporters.JUnitReportReporter -->
<testsuite ignored="0" hostname="Kirti3146839" failures="0" tests="1" name="GoogleTestCases.AccessGmail" time="4.934" errors="0" timestamp="27 Jun 2021 09:19:38 GMT" skipped="0">
  <testcase classname="GoogleTestCases.AccessGmail" name="accessGmail" time="4.934"/>
</testsuite> <!-- GoogleTestCases.AccessGmail -->
